/*C65*/SET SCHEMA PUBLIC
INSERT INTO PRESCRIPTION VALUES(2,'ooo','Sat Jul 17 21:34:07 AEST 2021','uuuuu','M2',103,2)
COMMIT
DELETE FROM RESIDENT WHERE RESIDENTID=2 AND RESIDENTNAME='111' AND ADMITTED='2021-06-14' AND DISCHARGED='2021-07-01' AND PRESCRIPTION IS NULL AND BEDID=620
INSERT INTO RESIDENT VALUES(2,'111','2021-06-14','2021-07-01',2,620)
COMMIT
INSERT INTO MEDICINE VALUES('M2','Adacel','ll',2)
COMMIT
INSERT INTO LOG VALUES('log detail: Doctor ID: 103 add a new prescription  patient ID: 2 medicine ID: M2 medicine Name: Adacel medicine Dosage: ll time: Sat Jul 17 21:34:07 AEST 2021',2)
COMMIT
/*C80*/SET SCHEMA PUBLIC
DELETE FROM PRESCRIPTION WHERE PRESCRIPTIONID=2 AND PRESCRIPTIONNAME='ooo' AND DATETIME='Sat Jul 17 21:34:07 AEST 2021' AND REASON='uuuuu' AND MEDICINEID='M2' AND DOCTORID=103 AND RESIDENTID=2
COMMIT
DELETE FROM MEDICINE WHERE MEDICINEID='M2' AND MEDICINENAME='Adacel' AND MEDICINEDOSAGE='ll' AND PRESCRIPTIONID=2
COMMIT
DELETE FROM RESIDENT WHERE RESIDENTID=2 AND RESIDENTNAME='111' AND ADMITTED='2021-06-14' AND DISCHARGED='2021-07-01' AND PRESCRIPTION=2 AND BEDID=620
INSERT INTO RESIDENT VALUES(2,'111','2021-06-14','2021-07-01',NULL,620)
COMMIT
INSERT INTO LOG VALUES('log detail: Doctor ID: 103 delete prescription  patient ID: 2 time: Sat Jul 17 21:34:20 AEST 2021',2)
COMMIT
